This file contains any messages produced by compilers while
running configure, to aid debugging if configure makes a mistake.

It was created by libantlr3c configure 3.4, which was
generated by GNU Autoconf 2.69.  Invocation command line was

  $ /home/work/workspace/antlr3-mysql/ext/antlr-runtime/configure --prefix=/home/work/workspace/antlr3-mysql/antlr-wb --libdir=/home/work/workspace/antlr3-mysql/antlr-wb --enable-shared=false --disable-abiflags

## --------- ##
## Platform. ##
## --------- ##

hostname = ubuntu
uname -m = x86_64
uname -r = 3.13.0-24-generic
uname -s = Linux
uname -v = #46-Ubuntu SMP Thu Apr 10 19:11:08 UTC 2014

/usr/bin/uname -p = unknown
/bin/uname -X     = unknown

/bin/arch              = unknown
/usr/bin/arch -k       = unknown
/usr/convex/getsysinfo = unknown
/usr/bin/hostinfo      = unknown
/bin/machine           = unknown
/usr/bin/oslevel       = unknown
/bin/universe          = unknown

PATH: /usr/local/sbin
PATH: /usr/local/bin
PATH: /usr/sbin
PATH: /usr/bin
PATH: /sbin
PATH: /bin
PATH: /usr/games
PATH: /usr/local/games
PATH: /home/work/app/go/bin
PATH: /home/work/app/go/mypkg/bin


## ----------- ##
## Core tests. ##
## ----------- ##

configure:2463: checking for a BSD-compatible install
configure:2531: result: /usr/bin/install -c
configure:2542: checking whether build environment is sane
configure:2597: result: yes
configure:2748: checking for a thread-safe mkdir -p
configure:2787: result: /bin/mkdir -p
configure:2794: checking for gawk
configure:2824: result: no
configure:2794: checking for mawk
configure:2810: found /usr/bin/mawk
configure:2821: result: mawk
configure:2832: checking whether make sets $(MAKE)
configure:2854: result: yes
configure:2883: checking whether make supports nested variables
configure:2900: result: yes
configure:3085: checking for xlc
configure:3115: result: no
configure:3085: checking for aCC
configure:3115: result: no
configure:3085: checking for gcc
configure:3101: found /usr/bin/gcc
configure:3112: result: gcc
configure:3143: checking for C compiler version
configure:3152: gcc --version >&5
gcc (Ubuntu 4.8.2-19ubuntu1) 4.8.2
Copyright (C) 2013 Free Software Foundation, Inc.
This is free software; see the source for copying conditions.  There is NO
warranty; not even for MERCHANTABILITY or FITNESS FOR A PARTICULAR PURPOSE.

configure:3163: $? = 0
configure:3152: gcc -v >&5
Using built-in specs.
COLLECT_GCC=gcc
COLLECT_LTO_WRAPPER=/usr/lib/gcc/x86_64-linux-gnu/4.8/lto-wrapper
Target: x86_64-linux-gnu
Configured with: ../src/configure -v --with-pkgversion='Ubuntu 4.8.2-19ubuntu1' --with-bugurl=file:///usr/share/doc/gcc-4.8/README.Bugs --enable-languages=c,c++,java,go,d,fortran,objc,obj-c++ --prefix=/usr --program-suffix=-4.8 --enable-shared --enable-linker-build-id --libexecdir=/usr/lib --without-included-gettext --enable-threads=posix --with-gxx-include-dir=/usr/include/c++/4.8 --libdir=/usr/lib --enable-nls --with-sysroot=/ --enable-clocale=gnu --enable-libstdcxx-debug --enable-libstdcxx-time=yes --enable-gnu-unique-object --disable-libmudflap --enable-plugin --with-system-zlib --disable-browser-plugin --enable-java-awt=gtk --enable-gtk-cairo --with-java-home=/usr/lib/jvm/java-1.5.0-gcj-4.8-amd64/jre --enable-java-home --with-jvm-root-dir=/usr/lib/jvm/java-1.5.0-gcj-4.8-amd64 --with-jvm-jar-dir=/usr/lib/jvm-exports/java-1.5.0-gcj-4.8-amd64 --with-arch-directory=amd64 --with-ecj-jar=/usr/share/java/eclipse-ecj.jar --enable-objc-gc --enable-multiarch --disable-werror --with-arch-32=i686 --with-abi=m64 --with-multilib-list=m32,m64,mx32 --with-tune=generic --enable-checking=release --build=x86_64-linux-gnu --host=x86_64-linux-gnu --target=x86_64-linux-gnu
Thread model: posix
gcc version 4.8.2 (Ubuntu 4.8.2-19ubuntu1) 
configure:3163: $? = 0
configure:3152: gcc -V >&5
gcc: error: unrecognized command line option '-V'
gcc: fatal error: no input files
compilation terminated.
configure:3163: $? = 4
configure:3152: gcc -qversion >&5
gcc: error: unrecognized command line option '-qversion'
gcc: fatal error: no input files
compilation terminated.
configure:3163: $? = 4
configure:3183: checking whether the C compiler works
configure:3205: gcc    conftest.c  >&5
configure:3209: $? = 0
configure:3257: result: yes
configure:3260: checking for C compiler default output file name
configure:3262: result: a.out
configure:3268: checking for suffix of executables
configure:3275: gcc -o conftest    conftest.c  >&5
configure:3279: $? = 0
configure:3301: result: 
configure:3323: checking whether we are cross compiling
configure:3331: gcc -o conftest    conftest.c  >&5
configure:3335: $? = 0
configure:3342: ./conftest
configure:3346: $? = 0
configure:3361: result: no
configure:3366: checking for suffix of object files
configure:3388: gcc -c   conftest.c >&5
configure:3392: $? = 0
configure:3413: result: o
configure:3417: checking whether we are using the GNU C compiler
configure:3436: gcc -c   conftest.c >&5
configure:3436: $? = 0
configure:3445: result: yes
configure:3454: checking whether gcc accepts -g
configure:3474: gcc -c -g  conftest.c >&5
configure:3474: $? = 0
configure:3515: result: yes
configure:3532: checking for gcc option to accept ISO C89
configure:3595: gcc  -c -g -O2  conftest.c >&5
configure:3595: $? = 0
configure:3608: result: none needed
configure:3633: checking whether gcc understands -c and -o together
configure:3655: gcc -c conftest.c -o conftest2.o
configure:3658: $? = 0
configure:3655: gcc -c conftest.c -o conftest2.o
configure:3658: $? = 0
configure:3670: result: yes
configure:3698: checking for style of include used by make
configure:3726: result: GNU
configure:3752: checking dependency style of gcc
configure:3863: result: gcc3
configure:3879: checking whether to enable maintainer-specific portions of Makefiles
configure:3888: result: no
configure:3930: checking build system type
configure:3944: result: x86_64-unknown-linux-gnu
configure:3964: checking host system type
configure:3977: result: x86_64-unknown-linux-gnu
configure:4018: checking how to print strings
configure:4045: result: printf
configure:4066: checking for a sed that does not truncate output
configure:4130: result: /bin/sed
configure:4148: checking for grep that handles long lines and -e
configure:4206: result: /bin/grep
configure:4211: checking for egrep
configure:4273: result: /bin/grep -E
configure:4278: checking for fgrep
configure:4340: result: /bin/grep -F
configure:4375: checking for ld used by gcc
configure:4442: result: /usr/bin/ld
configure:4449: checking if the linker (/usr/bin/ld) is GNU ld
configure:4464: result: yes
configure:4476: checking for BSD- or MS-compatible name lister (nm)
configure:4525: result: /usr/bin/nm -B
configure:4655: checking the name lister (/usr/bin/nm -B) interface
configure:4662: gcc -c -g -O2  conftest.c >&5
configure:4665: /usr/bin/nm -B "conftest.o"
configure:4668: output
0000000000000000 B some_variable
configure:4675: result: BSD nm
configure:4678: checking whether ln -s works
configure:4682: result: yes
configure:4690: checking the maximum length of command line arguments
configure:4821: result: 3458764513820540925
configure:4838: checking whether the shell understands some XSI constructs
configure:4848: result: yes
configure:4852: checking whether the shell understands "+="
configure:4858: result: yes
configure:4893: checking how to convert x86_64-unknown-linux-gnu file names to x86_64-unknown-linux-gnu format
configure:4933: result: func_convert_file_noop
configure:4940: checking how to convert x86_64-unknown-linux-gnu file names to toolchain format
configure:4960: result: func_convert_file_noop
configure:4967: checking for /usr/bin/ld option to reload object files
configure:4974: result: -r
configure:5048: checking for objdump
configure:5064: found /usr/bin/objdump
configure:5075: result: objdump
configure:5107: checking how to recognize dependent libraries
configure:5305: result: pass_all
configure:5390: checking for dlltool
configure:5420: result: no
configure:5450: checking how to associate runtime and link libraries
configure:5477: result: printf %s\n
configure:5538: checking for ar
configure:5554: found /usr/bin/ar
configure:5565: result: ar
configure:5602: checking for archiver @FILE support
configure:5619: gcc -c -g -O2  conftest.c >&5
configure:5619: $? = 0
configure:5622: ar cru libconftest.a @conftest.lst >&5
configure:5625: $? = 0
configure:5630: ar cru libconftest.a @conftest.lst >&5
ar: conftest.o: No such file or directory
configure:5633: $? = 1
configure:5645: result: @
configure:5703: checking for strip
configure:5719: found /usr/bin/strip
configure:5730: result: strip
configure:5802: checking for ranlib
configure:5818: found /usr/bin/ranlib
configure:5829: result: ranlib
configure:5931: checking command to parse /usr/bin/nm -B output from gcc object
configure:6051: gcc -c -g -O2  conftest.c >&5
configure:6054: $? = 0
configure:6058: /usr/bin/nm -B conftest.o \| sed -n -e 's/^.*[ ]\([ABCDGIRSTW][ABCDGIRSTW]*\)[ ][ ]*\([_A-Za-z][_A-Za-z0-9]*\)$/\1 \2 \2/p' | sed '/ __gnu_lto/d' \> conftest.nm
configure:6061: $? = 0
configure:6127: gcc -o conftest -g -O2   conftest.c conftstm.o >&5
configure:6130: $? = 0
configure:6168: result: ok
configure:6205: checking for sysroot
configure:6235: result: no
configure:6312: gcc -c -g -O2  conftest.c >&5
configure:6315: $? = 0
configure:6504: checking for mt
configure:6520: found /bin/mt
configure:6531: result: mt
configure:6554: checking if mt is a manifest tool
configure:6560: mt '-?'
configure:6568: result: no
configure:7210: checking how to run the C preprocessor
configure:7241: gcc -E  conftest.c
configure:7241: $? = 0
configure:7255: gcc -E  conftest.c
conftest.c:11:28: fatal error: ac_nonexistent.h: No such file or directory
 #include <ac_nonexistent.h>
                            ^
compilation terminated.
configure:7255: $? = 1
configure: failed program was:
| /* confdefs.h */
| #define PACKAGE_NAME "libantlr3c"
| #define PACKAGE_TARNAME "libantlr3c"
| #define PACKAGE_VERSION "3.4"
| #define PACKAGE_STRING "libantlr3c 3.4"
| #define PACKAGE_BUGREPORT "jimi@temporal-wave.com"
| #define PACKAGE_URL ""
| #define PACKAGE "libantlr3c"
| #define VERSION "3.4"
| /* end confdefs.h.  */
| #include <ac_nonexistent.h>
configure:7280: result: gcc -E
configure:7300: gcc -E  conftest.c
configure:7300: $? = 0
configure:7314: gcc -E  conftest.c
conftest.c:11:28: fatal error: ac_nonexistent.h: No such file or directory
 #include <ac_nonexistent.h>
                            ^
compilation terminated.
configure:7314: $? = 1
configure: failed program was:
| /* confdefs.h */
| #define PACKAGE_NAME "libantlr3c"
| #define PACKAGE_TARNAME "libantlr3c"
| #define PACKAGE_VERSION "3.4"
| #define PACKAGE_STRING "libantlr3c 3.4"
| #define PACKAGE_BUGREPORT "jimi@temporal-wave.com"
| #define PACKAGE_URL ""
| #define PACKAGE "libantlr3c"
| #define VERSION "3.4"
| /* end confdefs.h.  */
| #include <ac_nonexistent.h>
configure:7343: checking for ANSI C header files
configure:7363: gcc -c -g -O2  conftest.c >&5
configure:7363: $? = 0
configure:7436: gcc -o conftest -g -O2   conftest.c  >&5
configure:7436: $? = 0
configure:7436: ./conftest
configure:7436: $? = 0
configure:7447: result: yes
configure:7460: checking for sys/types.h
configure:7460: gcc -c -g -O2  conftest.c >&5
configure:7460: $? = 0
configure:7460: result: yes
configure:7460: checking for sys/stat.h
configure:7460: gcc -c -g -O2  conftest.c >&5
configure:7460: $? = 0
configure:7460: result: yes
configure:7460: checking for stdlib.h
configure:7460: gcc -c -g -O2  conftest.c >&5
configure:7460: $? = 0
configure:7460: result: yes
configure:7460: checking for string.h
configure:7460: gcc -c -g -O2  conftest.c >&5
configure:7460: $? = 0
configure:7460: result: yes
configure:7460: checking for memory.h
configure:7460: gcc -c -g -O2  conftest.c >&5
configure:7460: $? = 0
configure:7460: result: yes
configure:7460: checking for strings.h
configure:7460: gcc -c -g -O2  conftest.c >&5
configure:7460: $? = 0
configure:7460: result: yes
configure:7460: checking for inttypes.h
configure:7460: gcc -c -g -O2  conftest.c >&5
configure:7460: $? = 0
configure:7460: result: yes
configure:7460: checking for stdint.h
configure:7460: gcc -c -g -O2  conftest.c >&5
configure:7460: $? = 0
configure:7460: result: yes
configure:7460: checking for unistd.h
configure:7460: gcc -c -g -O2  conftest.c >&5
configure:7460: $? = 0
configure:7460: result: yes
configure:7474: checking for dlfcn.h
configure:7474: gcc -c -g -O2  conftest.c >&5
configure:7474: $? = 0
configure:7474: result: yes
configure:7680: checking for objdir
configure:7695: result: .libs
configure:7966: checking if gcc supports -fno-rtti -fno-exceptions
configure:7984: gcc -c -g -O2  -fno-rtti -fno-exceptions conftest.c >&5
cc1: warning: command line option '-fno-rtti' is valid for C++/ObjC++ but not for C [enabled by default]
configure:7988: $? = 0
configure:8001: result: no
configure:8328: checking for gcc option to produce PIC
configure:8335: result: -fPIC -DPIC
configure:8343: checking if gcc PIC flag -fPIC -DPIC works
configure:8361: gcc -c -g -O2  -fPIC -DPIC -DPIC conftest.c >&5
configure:8365: $? = 0
configure:8378: result: yes
configure:8407: checking if gcc static flag -static works
configure:8435: result: yes
configure:8450: checking if gcc supports -c -o file.o
configure:8471: gcc -c -g -O2  -o out/conftest2.o conftest.c >&5
configure:8475: $? = 0
configure:8497: result: yes
configure:8505: checking if gcc supports -c -o file.o
configure:8552: result: yes
configure:8585: checking whether the gcc linker (/usr/bin/ld -m elf_x86_64) supports shared libraries
configure:9742: result: yes
configure:9982: checking dynamic linker characteristics
configure:10482: gcc -o conftest -g -O2   -Wl,-rpath -Wl,/foo conftest.c  >&5
configure:10482: $? = 0
configure:10716: result: GNU/Linux ld.so
configure:10823: checking how to hardcode library paths into programs
configure:10848: result: immediate
configure:11388: checking whether stripping libraries is possible
configure:11393: result: yes
configure:11428: checking if libtool supports shared libraries
configure:11430: result: yes
configure:11433: checking whether to build shared libraries
configure:11454: result: no
configure:11457: checking whether to build static libraries
configure:11461: result: yes
configure:11504: checking compiler flags required for compiling ANTLR with gcc C compiler on host x86_64-unknown-linux-gnu
configure:11578: result:   -O2  -Wall
configure:11594: checking whether ln -s works
configure:11598: result: yes
configure:11605: checking whether make sets $(MAKE)
configure:11627: result: yes
configure:11644: checking for sys/types.h
configure:11644: result: yes
configure:11644: checking for netinet/in.h
configure:11644: gcc -c   -O2  -Wall  conftest.c >&5
configure:11644: $? = 0
configure:11644: result: yes
configure:11644: checking for arpa/nameser.h
configure:11644: gcc -c   -O2  -Wall  conftest.c >&5
configure:11644: $? = 0
configure:11644: result: yes
configure:11644: checking for netdb.h
configure:11644: gcc -c   -O2  -Wall  conftest.c >&5
configure:11644: $? = 0
configure:11644: result: yes
configure:11644: checking for resolv.h
configure:11644: gcc -c   -O2  -Wall  conftest.c >&5
configure:11644: $? = 0
configure:11644: result: yes
configure:11670: checking for sys/malloc.h
configure:11670: gcc -c   -O2  -Wall  conftest.c >&5
conftest.c:36:24: fatal error: sys/malloc.h: No such file or directory
 #include <sys/malloc.h>
                        ^
compilation terminated.
configure:11670: $? = 1
configure: failed program was:
| /* confdefs.h */
| #define PACKAGE_NAME "libantlr3c"
| #define PACKAGE_TARNAME "libantlr3c"
| #define PACKAGE_VERSION "3.4"
| #define PACKAGE_STRING "libantlr3c 3.4"
| #define PACKAGE_BUGREPORT "jimi@temporal-wave.com"
| #define PACKAGE_URL ""
| #define PACKAGE "libantlr3c"
| #define VERSION "3.4"
| #define STDC_HEADERS 1
| #define HAVE_SYS_TYPES_H 1
| #define HAVE_SYS_STAT_H 1
| #define HAVE_STDLIB_H 1
| #define HAVE_STRING_H 1
| #define HAVE_MEMORY_H 1
| #define HAVE_STRINGS_H 1
| #define HAVE_INTTYPES_H 1
| #define HAVE_STDINT_H 1
| #define HAVE_UNISTD_H 1
| #define HAVE_DLFCN_H 1
| #define LT_OBJDIR ".libs/"
| #define HAVE_SYS_TYPES_H 1
| #define HAVE_NETINET_IN_H 1
| #define HAVE_ARPA_NAMESER_H 1
| #define HAVE_NETDB_H 1
| #define HAVE_RESOLV_H 1
| /* end confdefs.h.  */
| #ifdef HAVE_SYS_MALLOC_H
| #include <sys/malloc.h>
| #endif
| #ifdef HAVE_MALLOC_H
| #include <malloc.h>
| #endif
| 
| 
| #include <sys/malloc.h>
configure:11670: result: no
configure:11670: checking for malloc.h
configure:11670: gcc -c   -O2  -Wall  conftest.c >&5
configure:11670: $? = 0
configure:11670: result: yes
configure:11689: checking for stdarg.h
configure:11689: gcc -c   -O2  -Wall  conftest.c >&5
configure:11689: $? = 0
configure:11689: result: yes
configure:11706: checking for sys/stat.h
configure:11706: result: yes
configure:11723: checking for ctype.h
configure:11723: gcc -c   -O2  -Wall  conftest.c >&5
configure:11723: $? = 0
configure:11723: result: yes
configure:11740: checking for netinet/tcp.h
configure:11740: gcc -c   -O2  -Wall  conftest.c >&5
configure:11740: $? = 0
configure:11740: result: yes
configure:11758: checking for sys/socket.h
configure:11758: gcc -c   -O2  -Wall  conftest.c >&5
configure:11758: $? = 0
configure:11758: result: yes
configure:11758: checking for socket.h
configure:11758: gcc -c   -O2  -Wall  conftest.c >&5
conftest.c:42:20: fatal error: socket.h: No such file or directory
 #include <socket.h>
                    ^
compilation terminated.
configure:11758: $? = 1
configure: failed program was:
| /* confdefs.h */
| #define PACKAGE_NAME "libantlr3c"
| #define PACKAGE_TARNAME "libantlr3c"
| #define PACKAGE_VERSION "3.4"
| #define PACKAGE_STRING "libantlr3c 3.4"
| #define PACKAGE_BUGREPORT "jimi@temporal-wave.com"
| #define PACKAGE_URL ""
| #define PACKAGE "libantlr3c"
| #define VERSION "3.4"
| #define STDC_HEADERS 1
| #define HAVE_SYS_TYPES_H 1
| #define HAVE_SYS_STAT_H 1
| #define HAVE_STDLIB_H 1
| #define HAVE_STRING_H 1
| #define HAVE_MEMORY_H 1
| #define HAVE_STRINGS_H 1
| #define HAVE_INTTYPES_H 1
| #define HAVE_STDINT_H 1
| #define HAVE_UNISTD_H 1
| #define HAVE_DLFCN_H 1
| #define LT_OBJDIR ".libs/"
| #define HAVE_SYS_TYPES_H 1
| #define HAVE_NETINET_IN_H 1
| #define HAVE_ARPA_NAMESER_H 1
| #define HAVE_NETDB_H 1
| #define HAVE_RESOLV_H 1
| #define HAVE_MALLOC_H 1
| #define HAVE_STDARG_H 1
| #define HAVE_SYS_STAT_H 1
| #define HAVE_CTYPE_H 1
| #define HAVE_NETINET_TCP_H 1
| #define HAVE_SYS_SOCKET_H 1
| /* end confdefs.h.  */
| #ifdef HAVE_SYS_SOCKET_H
| #include <sys/socket.h>
| #endif
| #ifdef HAVE_SOCKET_H
| #include <socket.h>
| #endif
| 
| 
| #include <socket.h>
configure:11758: result: no
configure:11777: checking for an ANSI C-conforming const
configure:11843: gcc -c   -O2  -Wall  conftest.c >&5
configure:11843: $? = 0
configure:11850: result: yes
configure:11858: checking for size_t
configure:11858: gcc -c   -O2  -Wall  conftest.c >&5
configure:11858: $? = 0
configure:11858: gcc -c   -O2  -Wall  conftest.c >&5
conftest.c: In function 'main':
conftest.c:70:21: error: expected expression before ')' token
 if (sizeof ((size_t)))
                     ^
configure:11858: $? = 1
configure: failed program was:
| /* confdefs.h */
| #define PACKAGE_NAME "libantlr3c"
| #define PACKAGE_TARNAME "libantlr3c"
| #define PACKAGE_VERSION "3.4"
| #define PACKAGE_STRING "libantlr3c 3.4"
| #define PACKAGE_BUGREPORT "jimi@temporal-wave.com"
| #define PACKAGE_URL ""
| #define PACKAGE "libantlr3c"
| #define VERSION "3.4"
| #define STDC_HEADERS 1
| #define HAVE_SYS_TYPES_H 1
| #define HAVE_SYS_STAT_H 1
| #define HAVE_STDLIB_H 1
| #define HAVE_STRING_H 1
| #define HAVE_MEMORY_H 1
| #define HAVE_STRINGS_H 1
| #define HAVE_INTTYPES_H 1
| #define HAVE_STDINT_H 1
| #define HAVE_UNISTD_H 1
| #define HAVE_DLFCN_H 1
| #define LT_OBJDIR ".libs/"
| #define HAVE_SYS_TYPES_H 1
| #define HAVE_NETINET_IN_H 1
| #define HAVE_ARPA_NAMESER_H 1
| #define HAVE_NETDB_H 1
| #define HAVE_RESOLV_H 1
| #define HAVE_MALLOC_H 1
| #define HAVE_STDARG_H 1
| #define HAVE_SYS_STAT_H 1
| #define HAVE_CTYPE_H 1
| #define HAVE_NETINET_TCP_H 1
| #define HAVE_SYS_SOCKET_H 1
| /* end confdefs.h.  */
| #include <stdio.h>
| #ifdef HAVE_SYS_TYPES_H
| # include <sys/types.h>
| #endif
| #ifdef HAVE_SYS_STAT_H
| # include <sys/stat.h>
| #endif
| #ifdef STDC_HEADERS
| # include <stdlib.h>
| # include <stddef.h>
| #else
| # ifdef HAVE_STDLIB_H
| #  include <stdlib.h>
| # endif
| #endif
| #ifdef HAVE_STRING_H
| # if !defined STDC_HEADERS && defined HAVE_MEMORY_H
| #  include <memory.h>
| # endif
| # include <string.h>
| #endif
| #ifdef HAVE_STRINGS_H
| # include <strings.h>
| #endif
| #ifdef HAVE_INTTYPES_H
| # include <inttypes.h>
| #endif
| #ifdef HAVE_STDINT_H
| # include <stdint.h>
| #endif
| #ifdef HAVE_UNISTD_H
| # include <unistd.h>
| #endif
| int
| main ()
| {
| if (sizeof ((size_t)))
| 	    return 0;
|   ;
|   return 0;
| }
configure:11858: result: yes
configure:11869: checking for int8_t
configure:11869: gcc -c   -O2  -Wall  conftest.c >&5
configure:11869: $? = 0
configure:11869: gcc -c   -O2  -Wall  conftest.c >&5
conftest.c: In function 'main':
conftest.c:71:12: error: size of array 'test_array' is negative
 static int test_array [1 - 2 * !((int8_t) (((((int8_t) 1 << N) << N) - 1) * 2 + 1)
            ^
configure:11869: $? = 1
configure: failed program was:
| /* confdefs.h */
| #define PACKAGE_NAME "libantlr3c"
| #define PACKAGE_TARNAME "libantlr3c"
| #define PACKAGE_VERSION "3.4"
| #define PACKAGE_STRING "libantlr3c 3.4"
| #define PACKAGE_BUGREPORT "jimi@temporal-wave.com"
| #define PACKAGE_URL ""
| #define PACKAGE "libantlr3c"
| #define VERSION "3.4"
| #define STDC_HEADERS 1
| #define HAVE_SYS_TYPES_H 1
| #define HAVE_SYS_STAT_H 1
| #define HAVE_STDLIB_H 1
| #define HAVE_STRING_H 1
| #define HAVE_MEMORY_H 1
| #define HAVE_STRINGS_H 1
| #define HAVE_INTTYPES_H 1
| #define HAVE_STDINT_H 1
| #define HAVE_UNISTD_H 1
| #define HAVE_DLFCN_H 1
| #define LT_OBJDIR ".libs/"
| #define HAVE_SYS_TYPES_H 1
| #define HAVE_NETINET_IN_H 1
| #define HAVE_ARPA_NAMESER_H 1
| #define HAVE_NETDB_H 1
| #define HAVE_RESOLV_H 1
| #define HAVE_MALLOC_H 1
| #define HAVE_STDARG_H 1
| #define HAVE_SYS_STAT_H 1
| #define HAVE_CTYPE_H 1
| #define HAVE_NETINET_TCP_H 1
| #define HAVE_SYS_SOCKET_H 1
| /* end confdefs.h.  */
| #include <stdio.h>
| #ifdef HAVE_SYS_TYPES_H
| # include <sys/types.h>
| #endif
| #ifdef HAVE_SYS_STAT_H
| # include <sys/stat.h>
| #endif
| #ifdef STDC_HEADERS
| # include <stdlib.h>
| # include <stddef.h>
| #else
| # ifdef HAVE_STDLIB_H
| #  include <stdlib.h>
| # endif
| #endif
| #ifdef HAVE_STRING_H
| # if !defined STDC_HEADERS && defined HAVE_MEMORY_H
| #  include <memory.h>
| # endif
| # include <string.h>
| #endif
| #ifdef HAVE_STRINGS_H
| # include <strings.h>
| #endif
| #ifdef HAVE_INTTYPES_H
| # include <inttypes.h>
| #endif
| #ifdef HAVE_STDINT_H
| # include <stdint.h>
| #endif
| #ifdef HAVE_UNISTD_H
| # include <unistd.h>
| #endif
| 	        enum { N = 8 / 2 - 1 };
| int
| main ()
| {
| static int test_array [1 - 2 * !((int8_t) (((((int8_t) 1 << N) << N) - 1) * 2 + 1)
| 		 < (int8_t) (((((int8_t) 1 << N) << N) - 1) * 2 + 2))];
| test_array [0] = 0;
| return test_array [0];
| 
|   ;
|   return 0;
| }
configure:11869: result: yes
configure:11880: checking for int16_t
configure:11880: gcc -c   -O2  -Wall  conftest.c >&5
configure:11880: $? = 0
configure:11880: gcc -c   -O2  -Wall  conftest.c >&5
conftest.c: In function 'main':
conftest.c:71:12: error: size of array 'test_array' is negative
 static int test_array [1 - 2 * !((int16_t) (((((int16_t) 1 << N) << N) - 1) * 2 + 1)
            ^
configure:11880: $? = 1
configure: failed program was:
| /* confdefs.h */
| #define PACKAGE_NAME "libantlr3c"
| #define PACKAGE_TARNAME "libantlr3c"
| #define PACKAGE_VERSION "3.4"
| #define PACKAGE_STRING "libantlr3c 3.4"
| #define PACKAGE_BUGREPORT "jimi@temporal-wave.com"
| #define PACKAGE_URL ""
| #define PACKAGE "libantlr3c"
| #define VERSION "3.4"
| #define STDC_HEADERS 1
| #define HAVE_SYS_TYPES_H 1
| #define HAVE_SYS_STAT_H 1
| #define HAVE_STDLIB_H 1
| #define HAVE_STRING_H 1
| #define HAVE_MEMORY_H 1
| #define HAVE_STRINGS_H 1
| #define HAVE_INTTYPES_H 1
| #define HAVE_STDINT_H 1
| #define HAVE_UNISTD_H 1
| #define HAVE_DLFCN_H 1
| #define LT_OBJDIR ".libs/"
| #define HAVE_SYS_TYPES_H 1
| #define HAVE_NETINET_IN_H 1
| #define HAVE_ARPA_NAMESER_H 1
| #define HAVE_NETDB_H 1
| #define HAVE_RESOLV_H 1
| #define HAVE_MALLOC_H 1
| #define HAVE_STDARG_H 1
| #define HAVE_SYS_STAT_H 1
| #define HAVE_CTYPE_H 1
| #define HAVE_NETINET_TCP_H 1
| #define HAVE_SYS_SOCKET_H 1
| /* end confdefs.h.  */
| #include <stdio.h>
| #ifdef HAVE_SYS_TYPES_H
| # include <sys/types.h>
| #endif
| #ifdef HAVE_SYS_STAT_H
| # include <sys/stat.h>
| #endif
| #ifdef STDC_HEADERS
| # include <stdlib.h>
| # include <stddef.h>
| #else
| # ifdef HAVE_STDLIB_H
| #  include <stdlib.h>
| # endif
| #endif
| #ifdef HAVE_STRING_H
| # if !defined STDC_HEADERS && defined HAVE_MEMORY_H
| #  include <memory.h>
| # endif
| # include <string.h>
| #endif
| #ifdef HAVE_STRINGS_H
| # include <strings.h>
| #endif
| #ifdef HAVE_INTTYPES_H
| # include <inttypes.h>
| #endif
| #ifdef HAVE_STDINT_H
| # include <stdint.h>
| #endif
| #ifdef HAVE_UNISTD_H
| # include <unistd.h>
| #endif
| 	        enum { N = 16 / 2 - 1 };
| int
| main ()
| {
| static int test_array [1 - 2 * !((int16_t) (((((int16_t) 1 << N) << N) - 1) * 2 + 1)
| 		 < (int16_t) (((((int16_t) 1 << N) << N) - 1) * 2 + 2))];
| test_array [0] = 0;
| return test_array [0];
| 
|   ;
|   return 0;
| }
configure:11880: result: yes
configure:11891: checking for int32_t
configure:11891: gcc -c   -O2  -Wall  conftest.c >&5
configure:11891: $? = 0
configure:11891: gcc -c   -O2  -Wall  conftest.c >&5
conftest.c: In function 'main':
conftest.c:72:53: warning: integer overflow in expression [-Woverflow]
    < (int32_t) (((((int32_t) 1 << N) << N) - 1) * 2 + 2))];
                                                     ^
conftest.c:71:12: error: storage size of 'test_array' isn't constant
 static int test_array [1 - 2 * !((int32_t) (((((int32_t) 1 << N) << N) - 1) * 2 + 1)
            ^
conftest.c:71:12: warning: unused variable 'test_array' [-Wunused-variable]
configure:11891: $? = 1
configure: failed program was:
| /* confdefs.h */
| #define PACKAGE_NAME "libantlr3c"
| #define PACKAGE_TARNAME "libantlr3c"
| #define PACKAGE_VERSION "3.4"
| #define PACKAGE_STRING "libantlr3c 3.4"
| #define PACKAGE_BUGREPORT "jimi@temporal-wave.com"
| #define PACKAGE_URL ""
| #define PACKAGE "libantlr3c"
| #define VERSION "3.4"
| #define STDC_HEADERS 1
| #define HAVE_SYS_TYPES_H 1
| #define HAVE_SYS_STAT_H 1
| #define HAVE_STDLIB_H 1
| #define HAVE_STRING_H 1
| #define HAVE_MEMORY_H 1
| #define HAVE_STRINGS_H 1
| #define HAVE_INTTYPES_H 1
| #define HAVE_STDINT_H 1
| #define HAVE_UNISTD_H 1
| #define HAVE_DLFCN_H 1
| #define LT_OBJDIR ".libs/"
| #define HAVE_SYS_TYPES_H 1
| #define HAVE_NETINET_IN_H 1
| #define HAVE_ARPA_NAMESER_H 1
| #define HAVE_NETDB_H 1
| #define HAVE_RESOLV_H 1
| #define HAVE_MALLOC_H 1
| #define HAVE_STDARG_H 1
| #define HAVE_SYS_STAT_H 1
| #define HAVE_CTYPE_H 1
| #define HAVE_NETINET_TCP_H 1
| #define HAVE_SYS_SOCKET_H 1
| /* end confdefs.h.  */
| #include <stdio.h>
| #ifdef HAVE_SYS_TYPES_H
| # include <sys/types.h>
| #endif
| #ifdef HAVE_SYS_STAT_H
| # include <sys/stat.h>
| #endif
| #ifdef STDC_HEADERS
| # include <stdlib.h>
| # include <stddef.h>
| #else
| # ifdef HAVE_STDLIB_H
| #  include <stdlib.h>
| # endif
| #endif
| #ifdef HAVE_STRING_H
| # if !defined STDC_HEADERS && defined HAVE_MEMORY_H
| #  include <memory.h>
| # endif
| # include <string.h>
| #endif
| #ifdef HAVE_STRINGS_H
| # include <strings.h>
| #endif
| #ifdef HAVE_INTTYPES_H
| # include <inttypes.h>
| #endif
| #ifdef HAVE_STDINT_H
| # include <stdint.h>
| #endif
| #ifdef HAVE_UNISTD_H
| # include <unistd.h>
| #endif
| 	        enum { N = 32 / 2 - 1 };
| int
| main ()
| {
| static int test_array [1 - 2 * !((int32_t) (((((int32_t) 1 << N) << N) - 1) * 2 + 1)
| 		 < (int32_t) (((((int32_t) 1 << N) << N) - 1) * 2 + 2))];
| test_array [0] = 0;
| return test_array [0];
| 
|   ;
|   return 0;
| }
configure:11891: result: yes
configure:11902: checking for int64_t
configure:11902: gcc -c   -O2  -Wall  conftest.c >&5
configure:11902: $? = 0
configure:11902: gcc -c   -O2  -Wall  conftest.c >&5
conftest.c: In function 'main':
conftest.c:72:53: warning: integer overflow in expression [-Woverflow]
    < (int64_t) (((((int64_t) 1 << N) << N) - 1) * 2 + 2))];
                                                     ^
conftest.c:71:12: error: storage size of 'test_array' isn't constant
 static int test_array [1 - 2 * !((int64_t) (((((int64_t) 1 << N) << N) - 1) * 2 + 1)
            ^
conftest.c:71:12: warning: unused variable 'test_array' [-Wunused-variable]
configure:11902: $? = 1
configure: failed program was:
| /* confdefs.h */
| #define PACKAGE_NAME "libantlr3c"
| #define PACKAGE_TARNAME "libantlr3c"
| #define PACKAGE_VERSION "3.4"
| #define PACKAGE_STRING "libantlr3c 3.4"
| #define PACKAGE_BUGREPORT "jimi@temporal-wave.com"
| #define PACKAGE_URL ""
| #define PACKAGE "libantlr3c"
| #define VERSION "3.4"
| #define STDC_HEADERS 1
| #define HAVE_SYS_TYPES_H 1
| #define HAVE_SYS_STAT_H 1
| #define HAVE_STDLIB_H 1
| #define HAVE_STRING_H 1
| #define HAVE_MEMORY_H 1
| #define HAVE_STRINGS_H 1
| #define HAVE_INTTYPES_H 1
| #define HAVE_STDINT_H 1
| #define HAVE_UNISTD_H 1
| #define HAVE_DLFCN_H 1
| #define LT_OBJDIR ".libs/"
| #define HAVE_SYS_TYPES_H 1
| #define HAVE_NETINET_IN_H 1
| #define HAVE_ARPA_NAMESER_H 1
| #define HAVE_NETDB_H 1
| #define HAVE_RESOLV_H 1
| #define HAVE_MALLOC_H 1
| #define HAVE_STDARG_H 1
| #define HAVE_SYS_STAT_H 1
| #define HAVE_CTYPE_H 1
| #define HAVE_NETINET_TCP_H 1
| #define HAVE_SYS_SOCKET_H 1
| /* end confdefs.h.  */
| #include <stdio.h>
| #ifdef HAVE_SYS_TYPES_H
| # include <sys/types.h>
| #endif
| #ifdef HAVE_SYS_STAT_H
| # include <sys/stat.h>
| #endif
| #ifdef STDC_HEADERS
| # include <stdlib.h>
| # include <stddef.h>
| #else
| # ifdef HAVE_STDLIB_H
| #  include <stdlib.h>
| # endif
| #endif
| #ifdef HAVE_STRING_H
| # if !defined STDC_HEADERS && defined HAVE_MEMORY_H
| #  include <memory.h>
| # endif
| # include <string.h>
| #endif
| #ifdef HAVE_STRINGS_H
| # include <strings.h>
| #endif
| #ifdef HAVE_INTTYPES_H
| # include <inttypes.h>
| #endif
| #ifdef HAVE_STDINT_H
| # include <stdint.h>
| #endif
| #ifdef HAVE_UNISTD_H
| # include <unistd.h>
| #endif
| 	        enum { N = 64 / 2 - 1 };
| int
| main ()
| {
| static int test_array [1 - 2 * !((int64_t) (((((int64_t) 1 << N) << N) - 1) * 2 + 1)
| 		 < (int64_t) (((((int64_t) 1 << N) << N) - 1) * 2 + 2))];
| test_array [0] = 0;
| return test_array [0];
| 
|   ;
|   return 0;
| }
configure:11902: result: yes
configure:11914: checking for intptr_t
configure:11914: gcc -c   -O2  -Wall  conftest.c >&5
configure:11914: $? = 0
configure:11914: gcc -c   -O2  -Wall  conftest.c >&5
conftest.c: In function 'main':
conftest.c:70:23: error: expected expression before ')' token
 if (sizeof ((intptr_t)))
                       ^
configure:11914: $? = 1
configure: failed program was:
| /* confdefs.h */
| #define PACKAGE_NAME "libantlr3c"
| #define PACKAGE_TARNAME "libantlr3c"
| #define PACKAGE_VERSION "3.4"
| #define PACKAGE_STRING "libantlr3c 3.4"
| #define PACKAGE_BUGREPORT "jimi@temporal-wave.com"
| #define PACKAGE_URL ""
| #define PACKAGE "libantlr3c"
| #define VERSION "3.4"
| #define STDC_HEADERS 1
| #define HAVE_SYS_TYPES_H 1
| #define HAVE_SYS_STAT_H 1
| #define HAVE_STDLIB_H 1
| #define HAVE_STRING_H 1
| #define HAVE_MEMORY_H 1
| #define HAVE_STRINGS_H 1
| #define HAVE_INTTYPES_H 1
| #define HAVE_STDINT_H 1
| #define HAVE_UNISTD_H 1
| #define HAVE_DLFCN_H 1
| #define LT_OBJDIR ".libs/"
| #define HAVE_SYS_TYPES_H 1
| #define HAVE_NETINET_IN_H 1
| #define HAVE_ARPA_NAMESER_H 1
| #define HAVE_NETDB_H 1
| #define HAVE_RESOLV_H 1
| #define HAVE_MALLOC_H 1
| #define HAVE_STDARG_H 1
| #define HAVE_SYS_STAT_H 1
| #define HAVE_CTYPE_H 1
| #define HAVE_NETINET_TCP_H 1
| #define HAVE_SYS_SOCKET_H 1
| /* end confdefs.h.  */
| #include <stdio.h>
| #ifdef HAVE_SYS_TYPES_H
| # include <sys/types.h>
| #endif
| #ifdef HAVE_SYS_STAT_H
| # include <sys/stat.h>
| #endif
| #ifdef STDC_HEADERS
| # include <stdlib.h>
| # include <stddef.h>
| #else
| # ifdef HAVE_STDLIB_H
| #  include <stdlib.h>
| # endif
| #endif
| #ifdef HAVE_STRING_H
| # if !defined STDC_HEADERS && defined HAVE_MEMORY_H
| #  include <memory.h>
| # endif
| # include <string.h>
| #endif
| #ifdef HAVE_STRINGS_H
| # include <strings.h>
| #endif
| #ifdef HAVE_INTTYPES_H
| # include <inttypes.h>
| #endif
| #ifdef HAVE_STDINT_H
| # include <stdint.h>
| #endif
| #ifdef HAVE_UNISTD_H
| # include <unistd.h>
| #endif
| int
| main ()
| {
| if (sizeof ((intptr_t)))
| 	    return 0;
|   ;
|   return 0;
| }
configure:11914: result: yes
configure:11949: checking for uint8_t
configure:11949: gcc -c   -O2  -Wall  conftest.c >&5
configure:11949: $? = 0
configure:11949: result: yes
configure:11963: checking for uint16_t
configure:11963: gcc -c   -O2  -Wall  conftest.c >&5
configure:11963: $? = 0
configure:11963: result: yes
configure:11975: checking for uint32_t
configure:11975: gcc -c   -O2  -Wall  conftest.c >&5
configure:11975: $? = 0
configure:11975: result: yes
configure:11989: checking for uint64_t
configure:11989: gcc -c   -O2  -Wall  conftest.c >&5
configure:11989: $? = 0
configure:11989: result: yes
configure:12004: checking for uintptr_t
configure:12004: gcc -c   -O2  -Wall  conftest.c >&5
configure:12004: $? = 0
configure:12004: gcc -c   -O2  -Wall  conftest.c >&5
conftest.c: In function 'main':
conftest.c:71:24: error: expected expression before ')' token
 if (sizeof ((uintptr_t)))
                        ^
configure:12004: $? = 1
configure: failed program was:
| /* confdefs.h */
| #define PACKAGE_NAME "libantlr3c"
| #define PACKAGE_TARNAME "libantlr3c"
| #define PACKAGE_VERSION "3.4"
| #define PACKAGE_STRING "libantlr3c 3.4"
| #define PACKAGE_BUGREPORT "jimi@temporal-wave.com"
| #define PACKAGE_URL ""
| #define PACKAGE "libantlr3c"
| #define VERSION "3.4"
| #define STDC_HEADERS 1
| #define HAVE_SYS_TYPES_H 1
| #define HAVE_SYS_STAT_H 1
| #define HAVE_STDLIB_H 1
| #define HAVE_STRING_H 1
| #define HAVE_MEMORY_H 1
| #define HAVE_STRINGS_H 1
| #define HAVE_INTTYPES_H 1
| #define HAVE_STDINT_H 1
| #define HAVE_UNISTD_H 1
| #define HAVE_DLFCN_H 1
| #define LT_OBJDIR ".libs/"
| #define HAVE_SYS_TYPES_H 1
| #define HAVE_NETINET_IN_H 1
| #define HAVE_ARPA_NAMESER_H 1
| #define HAVE_NETDB_H 1
| #define HAVE_RESOLV_H 1
| #define HAVE_MALLOC_H 1
| #define HAVE_STDARG_H 1
| #define HAVE_SYS_STAT_H 1
| #define HAVE_CTYPE_H 1
| #define HAVE_NETINET_TCP_H 1
| #define HAVE_SYS_SOCKET_H 1
| #define HAVE_INTPTR_T 1
| /* end confdefs.h.  */
| #include <stdio.h>
| #ifdef HAVE_SYS_TYPES_H
| # include <sys/types.h>
| #endif
| #ifdef HAVE_SYS_STAT_H
| # include <sys/stat.h>
| #endif
| #ifdef STDC_HEADERS
| # include <stdlib.h>
| # include <stddef.h>
| #else
| # ifdef HAVE_STDLIB_H
| #  include <stdlib.h>
| # endif
| #endif
| #ifdef HAVE_STRING_H
| # if !defined STDC_HEADERS && defined HAVE_MEMORY_H
| #  include <memory.h>
| # endif
| # include <string.h>
| #endif
| #ifdef HAVE_STRINGS_H
| # include <strings.h>
| #endif
| #ifdef HAVE_INTTYPES_H
| # include <inttypes.h>
| #endif
| #ifdef HAVE_STDINT_H
| # include <stdint.h>
| #endif
| #ifdef HAVE_UNISTD_H
| # include <unistd.h>
| #endif
| int
| main ()
| {
| if (sizeof ((uintptr_t)))
| 	    return 0;
|   ;
|   return 0;
| }
configure:12004: result: yes
configure:12040: checking for inline
configure:12056: gcc -c   -O2  -Wall  conftest.c >&5
configure:12056: $? = 0
configure:12064: result: inline
configure:12088: checking for memmove
configure:12088: gcc -o conftest   -O2  -Wall   conftest.c  >&5
conftest.c:59:6: warning: conflicting types for built-in function 'memmove' [enabled by default]
 char memmove ();
      ^
configure:12088: $? = 0
configure:12088: result: yes
configure:12088: checking for memset
configure:12088: gcc -o conftest   -O2  -Wall   conftest.c  >&5
conftest.c:60:6: warning: conflicting types for built-in function 'memset' [enabled by default]
 char memset ();
      ^
configure:12088: $? = 0
configure:12088: result: yes
configure:12088: checking for strdup
configure:12088: gcc -o conftest   -O2  -Wall   conftest.c  >&5
conftest.c:61:6: warning: conflicting types for built-in function 'strdup' [enabled by default]
 char strdup ();
      ^
configure:12088: $? = 0
configure:12088: result: yes
configure:12088: checking for accept
configure:12088: gcc -o conftest   -O2  -Wall   conftest.c  >&5
configure:12088: $? = 0
configure:12088: result: yes
configure:12213: checking that generated files are newer than configure
configure:12219: result: done
configure:12246: creating ./config.status

## ---------------------- ##
## Running config.status. ##
## ---------------------- ##

This file was extended by libantlr3c config.status 3.4, which was
generated by GNU Autoconf 2.69.  Invocation command line was

  CONFIG_FILES    = 
  CONFIG_HEADERS  = 
  CONFIG_LINKS    = 
  CONFIG_COMMANDS = 
  $ ./config.status 

on ubuntu

config.status:1101: creating Makefile
config.status:1101: creating antlr3config.h
config.status:1282: antlr3config.h is unchanged
config.status:1330: executing depfiles commands
config.status:1330: executing libtool commands

## ---------------- ##
## Cache variables. ##
## ---------------- ##

ac_cv_build=x86_64-unknown-linux-gnu
ac_cv_c_compiler_gnu=yes
ac_cv_c_const=yes
ac_cv_c_inline=inline
ac_cv_c_int16_t=yes
ac_cv_c_int32_t=yes
ac_cv_c_int64_t=yes
ac_cv_c_int8_t=yes
ac_cv_c_uint16_t=yes
ac_cv_c_uint32_t=yes
ac_cv_c_uint64_t=yes
ac_cv_c_uint8_t=yes
ac_cv_env_CC_set=
ac_cv_env_CC_value=
ac_cv_env_CFLAGS_set=
ac_cv_env_CFLAGS_value=
ac_cv_env_CPPFLAGS_set=
ac_cv_env_CPPFLAGS_value=
ac_cv_env_CPP_set=
ac_cv_env_CPP_value=
ac_cv_env_LDFLAGS_set=
ac_cv_env_LDFLAGS_value=
ac_cv_env_LIBS_set=
ac_cv_env_LIBS_value=
ac_cv_env_build_alias_set=
ac_cv_env_build_alias_value=
ac_cv_env_host_alias_set=
ac_cv_env_host_alias_value=
ac_cv_env_target_alias_set=
ac_cv_env_target_alias_value=
ac_cv_func_accept=yes
ac_cv_func_memmove=yes
ac_cv_func_memset=yes
ac_cv_func_strdup=yes
ac_cv_header_arpa_nameser_h=yes
ac_cv_header_ctype_h=yes
ac_cv_header_dlfcn_h=yes
ac_cv_header_inttypes_h=yes
ac_cv_header_malloc_h=yes
ac_cv_header_memory_h=yes
ac_cv_header_netdb_h=yes
ac_cv_header_netinet_in_h=yes
ac_cv_header_netinet_tcp_h=yes
ac_cv_header_resolv_h=yes
ac_cv_header_socket_h=no
ac_cv_header_stdarg_h=yes
ac_cv_header_stdc=yes
ac_cv_header_stdint_h=yes
ac_cv_header_stdlib_h=yes
ac_cv_header_string_h=yes
ac_cv_header_strings_h=yes
ac_cv_header_sys_malloc_h=no
ac_cv_header_sys_socket_h=yes
ac_cv_header_sys_stat_h=yes
ac_cv_header_sys_types_h=yes
ac_cv_header_unistd_h=yes
ac_cv_host=x86_64-unknown-linux-gnu
ac_cv_objext=o
ac_cv_path_EGREP='/bin/grep -E'
ac_cv_path_FGREP='/bin/grep -F'
ac_cv_path_GREP=/bin/grep
ac_cv_path_SED=/bin/sed
ac_cv_path_install='/usr/bin/install -c'
ac_cv_path_mkdir=/bin/mkdir
ac_cv_prog_AWK=mawk
ac_cv_prog_CPP='gcc -E'
ac_cv_prog_ac_ct_AR=ar
ac_cv_prog_ac_ct_CC=gcc
ac_cv_prog_ac_ct_MANIFEST_TOOL=mt
ac_cv_prog_ac_ct_OBJDUMP=objdump
ac_cv_prog_ac_ct_RANLIB=ranlib
ac_cv_prog_ac_ct_STRIP=strip
ac_cv_prog_cc_c89=
ac_cv_prog_cc_g=yes
ac_cv_prog_make_make_set=yes
ac_cv_type_intptr_t=yes
ac_cv_type_size_t=yes
ac_cv_type_uintptr_t=yes
am_cv_CC_dependencies_compiler_type=gcc3
am_cv_make_support_nested_variables=yes
am_cv_prog_cc_c_o=yes
lt_cv_ar_at_file=@
lt_cv_deplibs_check_method=pass_all
lt_cv_file_magic_cmd='$MAGIC_CMD'
lt_cv_file_magic_test_file=
lt_cv_ld_reload_flag=-r
lt_cv_nm_interface='BSD nm'
lt_cv_objdir=.libs
lt_cv_path_LD=/usr/bin/ld
lt_cv_path_NM='/usr/bin/nm -B'
lt_cv_path_mainfest_tool=no
lt_cv_prog_compiler_c_o=yes
lt_cv_prog_compiler_pic='-fPIC -DPIC'
lt_cv_prog_compiler_pic_works=yes
lt_cv_prog_compiler_rtti_exceptions=no
lt_cv_prog_compiler_static_works=yes
lt_cv_prog_gnu_ld=yes
lt_cv_sharedlib_from_linklib_cmd='printf %s\n'
lt_cv_shlibpath_overrides_runpath=no
lt_cv_sys_global_symbol_pipe='sed -n -e '\''s/^.*[	 ]\([ABCDGIRSTW][ABCDGIRSTW]*\)[	 ][	 ]*\([_A-Za-z][_A-Za-z0-9]*\)$/\1 \2 \2/p'\'' | sed '\''/ __gnu_lto/d'\'''
lt_cv_sys_global_symbol_to_c_name_address='sed -n -e '\''s/^: \([^ ]*\)[ ]*$/  {\"\1\", (void *) 0},/p'\'' -e '\''s/^[ABCDGIRSTW]* \([^ ]*\) \([^ ]*\)$/  {"\2", (void *) \&\2},/p'\'''
lt_cv_sys_global_symbol_to_c_name_address_lib_prefix='sed -n -e '\''s/^: \([^ ]*\)[ ]*$/  {\"\1\", (void *) 0},/p'\'' -e '\''s/^[ABCDGIRSTW]* \([^ ]*\) \(lib[^ ]*\)$/  {"\2", (void *) \&\2},/p'\'' -e '\''s/^[ABCDGIRSTW]* \([^ ]*\) \([^ ]*\)$/  {"lib\2", (void *) \&\2},/p'\'''
lt_cv_sys_global_symbol_to_cdecl='sed -n -e '\''s/^T .* \(.*\)$/extern int \1();/p'\'' -e '\''s/^[ABCDGIRSTW]* .* \(.*\)$/extern char \1;/p'\'''
lt_cv_sys_max_cmd_len=3458764513820540925
lt_cv_to_host_file_cmd=func_convert_file_noop
lt_cv_to_tool_file_cmd=func_convert_file_noop

## ----------------- ##
## Output variables. ##
## ----------------- ##

ACLOCAL='${SHELL} /home/work/workspace/antlr3-mysql/ext/antlr-runtime/missing aclocal-1.14'
AMDEPBACKSLASH='\'
AMDEP_FALSE='#'
AMDEP_TRUE=''
AMTAR='$${TAR-tar}'
AM_BACKSLASH='\'
AM_DEFAULT_V='$(AM_DEFAULT_VERBOSITY)'
AM_DEFAULT_VERBOSITY='1'
AM_V='$(V)'
AR='ar'
AUTOCONF='${SHELL} /home/work/workspace/antlr3-mysql/ext/antlr-runtime/missing autoconf'
AUTOHEADER='${SHELL} /home/work/workspace/antlr3-mysql/ext/antlr-runtime/missing autoheader'
AUTOMAKE='${SHELL} /home/work/workspace/antlr3-mysql/ext/antlr-runtime/missing automake-1.14'
AWK='mawk'
CC='gcc'
CCDEPMODE='depmode=gcc3'
CFLAGS='  -O2  -Wall'
CPP='gcc -E'
CPPFLAGS=''
CYGPATH_W='echo'
DEFS='-DHAVE_CONFIG_H'
DEPDIR='.deps'
DLLTOOL='false'
DSYMUTIL=''
DUMPBIN=''
ECHO_C=''
ECHO_N='-n'
ECHO_T=''
EGREP='/bin/grep -E'
EXEEXT=''
FGREP='/bin/grep -F'
GREP='/bin/grep'
INSTALL_DATA='${INSTALL} -m 644'
INSTALL_PROGRAM='${INSTALL}'
INSTALL_SCRIPT='${INSTALL}'
INSTALL_STRIP_PROGRAM='$(install_sh) -c -s'
LD='/usr/bin/ld -m elf_x86_64'
LDFLAGS=''
LIBOBJS=''
LIBS=''
LIBTOOL='$(SHELL) $(top_builddir)/libtool'
LIPO=''
LN_S='ln -s'
LTLIBOBJS=''
MAINT='#'
MAINTAINER_MODE_FALSE=''
MAINTAINER_MODE_TRUE='#'
MAKEINFO='${SHELL} /home/work/workspace/antlr3-mysql/ext/antlr-runtime/missing makeinfo'
MANIFEST_TOOL=':'
MKDIR_P='/bin/mkdir -p'
NM='/usr/bin/nm -B'
NMEDIT=''
OBJDUMP='objdump'
OBJECT_MODE=''
OBJEXT='o'
OTOOL64=''
OTOOL=''
PACKAGE='libantlr3c'
PACKAGE_BUGREPORT='jimi@temporal-wave.com'
PACKAGE_NAME='libantlr3c'
PACKAGE_STRING='libantlr3c 3.4'
PACKAGE_TARNAME='libantlr3c'
PACKAGE_URL=''
PACKAGE_VERSION='3.4'
PATH_SEPARATOR=':'
RANLIB='ranlib'
SED='/bin/sed'
SET_MAKE=''
SHELL='/bin/bash'
STRIP='strip'
VERSION='3.4'
ac_ct_AR='ar'
ac_ct_CC='gcc'
ac_ct_DUMPBIN=''
am__EXEEXT_FALSE=''
am__EXEEXT_TRUE='#'
am__fastdepCC_FALSE='#'
am__fastdepCC_TRUE=''
am__include='include'
am__isrc=''
am__leading_dot='.'
am__nodep='_no'
am__quote=''
am__tar='$${TAR-tar} chof - "$$tardir"'
am__untar='$${TAR-tar} xf -'
bindir='${exec_prefix}/bin'
build='x86_64-unknown-linux-gnu'
build_alias=''
build_cpu='x86_64'
build_os='linux-gnu'
build_vendor='unknown'
datadir='${datarootdir}'
datarootdir='${prefix}/share'
docdir='${datarootdir}/doc/${PACKAGE_TARNAME}'
dvidir='${docdir}'
exec_prefix='${prefix}'
host='x86_64-unknown-linux-gnu'
host_alias=''
host_cpu='x86_64'
host_os='linux-gnu'
host_vendor='unknown'
htmldir='${docdir}'
includedir='${prefix}/include'
infodir='${datarootdir}/info'
install_sh='${SHELL} /home/work/workspace/antlr3-mysql/ext/antlr-runtime/install-sh'
libdir='/home/work/workspace/antlr3-mysql/antlr-wb'
libexecdir='${exec_prefix}/libexec'
localedir='${datarootdir}/locale'
localstatedir='${prefix}/var'
mandir='${datarootdir}/man'
mkdir_p='$(MKDIR_P)'
oldincludedir='/usr/include'
pdfdir='${docdir}'
prefix='/home/work/workspace/antlr3-mysql/antlr-wb'
program_transform_name='s,x,x,'
psdir='${docdir}'
sbindir='${exec_prefix}/sbin'
sharedstatedir='${prefix}/com'
sysconfdir='${prefix}/etc'
target_alias=''

## ----------- ##
## confdefs.h. ##
## ----------- ##

/* confdefs.h */
#define PACKAGE_NAME "libantlr3c"
#define PACKAGE_TARNAME "libantlr3c"
#define PACKAGE_VERSION "3.4"
#define PACKAGE_STRING "libantlr3c 3.4"
#define PACKAGE_BUGREPORT "jimi@temporal-wave.com"
#define PACKAGE_URL ""
#define PACKAGE "libantlr3c"
#define VERSION "3.4"
#define STDC_HEADERS 1
#define HAVE_SYS_TYPES_H 1
#define HAVE_SYS_STAT_H 1
#define HAVE_STDLIB_H 1
#define HAVE_STRING_H 1
#define HAVE_MEMORY_H 1
#define HAVE_STRINGS_H 1
#define HAVE_INTTYPES_H 1
#define HAVE_STDINT_H 1
#define HAVE_UNISTD_H 1
#define HAVE_DLFCN_H 1
#define LT_OBJDIR ".libs/"
#define HAVE_SYS_TYPES_H 1
#define HAVE_NETINET_IN_H 1
#define HAVE_ARPA_NAMESER_H 1
#define HAVE_NETDB_H 1
#define HAVE_RESOLV_H 1
#define HAVE_MALLOC_H 1
#define HAVE_STDARG_H 1
#define HAVE_SYS_STAT_H 1
#define HAVE_CTYPE_H 1
#define HAVE_NETINET_TCP_H 1
#define HAVE_SYS_SOCKET_H 1
#define HAVE_INTPTR_T 1
#define HAVE_UINTPTR_T 1
#define HAVE_MEMMOVE 1
#define HAVE_MEMSET 1
#define HAVE_STRDUP 1
#define HAVE_ACCEPT 1

configure: exit 0
